ViennaCL:
bisect-test-opencl				local size (128) exceeds device maximum
blas3_solve-test-opencl			local size (128) exceeds device maximum
fft1d-test-opencl				local size (128) exceeds device maximum
fft2d-test-opencl				local size (128) exceeds device maximum
global-variables-test-opencl	local size (128) exceeds device maximum
iterators-test-opencl			local size (128) exceeds device maximum
libviennacl_blas1-test			local size (128) exceeds device maximum
libviennacl_blas2-test			local size (128) exceeds device maximum
libviennacl_blas3-test			local size (128) exceeds device maximum
matrix_col-float-test-opencl	local size (128) exceeds device maximum
matrix_col-int-test-opencl		local size (128) exceeds device maximum
matrix_convert-test-opencl		local size (128) exceeds device maximum
nmf-test-opencl					local size (128) exceeds device maximum
qr_method_func-test-opencl		local size (128) exceeds device maximum
qr_method-test-opencl			local size (128) exceeds device maximum
scalar-test-opencl				arithmetic error
scan-test-opencl				compilation error
self_assign-test-opencl			local size (128) exceeds device maximum
vector_convert-test-opencl		compilation error

Boost Compute:
test_accumulate					result mismatch (error in test! Buffer is already freed when kernel is executed, test does not wait for kernel to execute!)
test_adjacent_difference		PASSED
test_adjacent_find				PASSED
test_amd_cpp_kernel_language	SKIPPED
test_any_all_none_of			PASSED
test_array						PASSED
test_async_wait					PASSED
test_async_wait_guard			PASSED
test_bernoulli_distribution		PASSED
test_binary_search				PASSED (fixed test case!!)
test_buffer						PASSED
test_buffer_allocator			PASSED
test_buffer_iterator			PASSED
test_clamp_range				PASSED
test_closure					result mismatch (ULP, "add_two_and_pi": difference{6.49642e-08%} between results[1]{7.33999968} and 7.34f{7.34000015} exceeds 1e-06%, ULP in "triangle_area")
test_command_queue				PASSED
test_complex					PASSED
test_constant_iterator			PASSED
test_context					PASSED
test_context_error				PASSED
test_copy						PASSED
test_copy_if					PASSED
test_copy_type_mismatch			PASSED
test_count						result mismatch ("count_if_odd", "count_if_with_reduce", both based on initial_reduce kernel, passes on emulator)
test_counting_iterator			PASSED
test_device						PASSED (skips some OpenCL 2.0+ tests)
test_discard_iterator			PASSED
test_discrete_distribution		result mismatch (failing kernels based on initial_reduce kernel)
test_dynamic_bitset				result mismatch (failing kernels based on initial_reduce kernel), passes on emulator
test_equal						PASSED
test_equal_range				PASSED
test_event						PASSED
test_extents					PASSED
test_extrema					result mismatch ("int_min_max", "int2_min_max_custom_comparision_function" (both call find_extrema_with_reduce, other functions pass), "max_vector_length" ULP error of 1)
test_fill						PASSED
test_find						PASSED
test_find_end					PASSED
test_flat_map					PASSED
test_flat_set					PASSED
test_for_each					PASSED
test_function					PASSED
test_function_input_iterator	PASSED
test_functional_as				PASSED
test_functional_bind			result mismatch ("transform_pow_two")
test_functional_convert			PASSED
test_functional_get				PASSED
test_functional_hash			PASSED
test_functional_identity		PASSED
test_functional_popcount		result mismatch (popcount<unsigned long long>, returns all zeroes from 2nd element; PASSES on emulator)
test_functional_unpack			PASSED
test_gather						PASSED
test_generate					PASSED
test_image1d					SKIPPED
test_image2d					FAILED ("Invalid Operation")
test_image3d					SKIPPED
test_image_sampler				FAILED (nullptr access, probably ICD dispatch of clCreateSamplerWithProperties functions)
test_includes					PASSED
test_inner_product				result mismatch
test_inplace_merge				PASSED
test_inplace_reduce				result mismatch ("reduce_iota", reads 1-past-end of buffer)
test_insertion_sort				result mismatch ("sort_long_vector", "sort_ulong_vector"), PASSES on emulator
test_invoke						result mismatch (ULP, "invoke_builtin": result: inf expected: 256.f for function pow(2, 8))
test_iota						PASSED
test_is_permutation				PASSED
test_is_sorted					PASSED
test_kernel						PASSED
test_lambda						PASSED
test_lexicographical_compare	PASSED
test_linear_congruential_engine	PASSED
test_literal_conversion			PASSED
test_local_buffer				SKIPPED ("device does not support local memory")
test_malloc						PASSED
test_mapped_view				result mismatch ("mapped_view_reduce_doctest"), race condition accessing the host buffer vs. copying from host to device buffer
test_merge						PASSED
test_merge_sort_gpu				Invalid Value error (get_object_info.hpp:104, trying to read CL_DEVICE_PARENT_DEVICE? does not happen on host emulation), double test skipped
test_mersenne_twister_engine	PASSED
test_mismatch					PASSED
test_multiple_objects			PASSED
test_next_permutation			PASSED
test_no_device_found			PASSED
test_normal_distribution		result value mismatch ("normal_distribution_statistics", got inf/nan, expected 10/2), reads 1-after-bounds of allocated buffer
test_nth_element				PASSED (reads 1-after-bounds!)
test_opencl_error				PASSED
test_pair						PASSED
test_partial_sum				PASSED
test_partition					PASSED
test_partition_point			PASSED
test_permutation_iterator		PASSED/SKIPPED
test_pinned_allocator			PASSED/SKIPPED
test_pipe						SKIPPED
test_platform					PASSED/SKIPPED
test_prev_permutation			PASSED
test_program					PASSED
test_program_cache				PASSED/SKIPPED
test_radix_sort					result mismatches, writes outside of allocated buffers, crashes Jenkins slave process!
test_radix_sort_by_key			result mismatches, reads 1-after-bounds of allocated buffer
test_random_fill				PASSED
test_random_shuffle				PASSED
test_reduce						result mismatches
test_reduce_by_key				PASSED
test_remove						PASSED
test_replace					PASSED
test_result_of					PASSED
test_reverse					PASSED
test_rotate						PASSED
test_rotate_copy				PASSED
test_scan						result mismatch (passes with mismatches on emulator)
test_scatter					PASSED
test_scatter_if					PASSED
test_search						PASSED
test_search_n					PASSED
test_set_difference				PASSED
test_set_intersection			PASSED
test_set_symmetric_difference   PASSED
test_set_union					PASSED
test_sort						result mismatch (long vectors); compilation error (register allocation)
test_sort_by_key				result mismatch, compilation error (register allocation)
test_sort_by_transform			PASSED
test_stable_partition			PASSED (reads 1-after-bounds of allocated buffer)
test_stable_sort				result mismatch ("sort_int_vector"), passes on emulator
test_stable_sort_by_key			PASSED
test_stack						PASSED
test_strided_iterator			PASSED
test_string						PASSED
test_struct						PASSED
test_svm_ptr					PASSED
test_system						PASSED
test_tabulate					PASSED
test_threefry_engine			result mismatch (TODO fix + retest)
test_transform					result mismatch (ULP pow and 0 != x)
test_transform_if				PASSED
test_transform_iterator			PASSED
test_transform_reduce			result mismatch ("mean_and_std_dev")
test_tuple						PASSED
test_type_traits				PASSED
test_types						PASSED
test_uniform_int_distribution	result mismatch
test_uniform_real_distribution	result mismatch
test_unique						PASSED
test_unique_copy				PASSED
test_unsupported_extension		PASSED
test_user_defined_types			PASSED
test_user_event					PASSED
test_valarray					result mismatch (only "sum", calls boost::compute::accumulate)
test_vector						PASSED (reads 1-after-bounds of allocated buffer)
test_wait_list					PASSED
test_zip_iterator				PASSED

pocl:
kernel/
  image_query_funcs                                       "CL_INVALID_OPERATION in clCreateSampler on line 70"
  kernel                                                  compilation errors ("printf()")
  sampler_address_clamp                                   "image creation failed"
  test_shuffle char                                       result mismatch
  test_shuffle uchar                                      result mismatch
  test_shuffle short                                      result mismatch
  test_shuffle ushort                                     result mismatch
  test_shuffle int                                        result mismatch
  test_shuffle uint                                       result mismatch
  test_shuffle float                                      result mismatch
regression/
  test_alignment_with_dynamic_wg 4 3 1                    FAILED (compilation error)
  test_alignment_with_dynamic_wg2                         PASSED
  test_alignment_with_dynamic_wg3                         PASSED
  test_assign_loop_variable_to_privvar_makes_it_local     FAILED (NULL kernel passed to clReleaseKernel() function)
  test_assign_loop_variable_to_privvar_makes_it_local_2   FAILED (NULL kernel passed to clReleaseKernel() function)
  test_autolocals_in_constexprs                           PASSED
  test_barrier_before_return                              PASSED
  test_barrier_between_for_loops                          PASSED
  test_constant_array                                     compilation error (converts float to double for printf format)
  test_early_return                                       PASSED
  test_flatten_barrier_subs                               compilation error (semaphore index out of range!)
  test_fors_with_var_iteration_counts                     PASSED (out-of-bounds access in emulator)
  test_for_with_var_iteration_count                       PASSED
  test_id_dependent_computation                           PASSED
  test_infinite_loop                                      compilation error (converts float to double for printf format)
  test_issue_231                                          FAILED (invalid work-group size)
  test_issue_445                                          compilation error ("Lowering copy with more than 1 entry is not yet implemented")
  test_issue_553                                          compilation error (printf() in code)
  test_issue_577                                          PASSED
  test_locals                                             PASSED
  test_loop_phi_replication                               PASSED
  test_multi_level_loops_with_barriers                    PASSED
  test_null_arg                                           PASSED
  test_program_from_binary_with_local_1_1_1               PASSED
  test_setargs                                            FAILED
  test_simple_for_with_a_barrier                          PASSED
  test_structs_as_args                                    result mismatch
  test_undominated_variable                               PASSED
  test_vectors_as_args                                    PASSED
runtime/
  test_buffer-image-copy                                  PASSED
  test_clBuildProgram                                     compilation error (include file not found)
  test_clCreateKernel                                     PASSED
  test_clCreateKernelsInProgram                           compilation error ("No kernel offset found!" for empty source (single newline))
  test_clCreateProgramWithBinary                          FAILED ("Multiple devices specified, only a single is supported!")
  test_clCreateSubDevices                                 FAILED (no multiple devices supported)
  test_clEnqueueNativeKernel                              FAILED (no native kernels supported)
  test_clFinish                                           compilation error ("Invalid number of method arguments")
  test_clGetDeviceInfo                                    PASSED
  test_clGetEventInfo                                     PASSED
  test_clGetKernelArgInfo                                 compilation error (image kernel functions required)
  test_clGetSupportedImageFormats                         FAILED
  test_clSetEventCallback                                 PASSED
  test_clSetMemObjectDestructorCallback                   PASSED
  test_enqueue_kernel_from_binary                         FAILED ("Local work-sizes exceed maximum")
  test_event_cycle                                        FAILED (out-of-resources)
  test_event_free                                         FAILED ("Image support is not enabled!")
  test_kernel_cache_includes                              PASSED
  test_link_error                                         PASSED
  test_read-copy-write-buffer                             result mismatch
  test_user_event                                         PASSED
  test_version                                            FAILED (VC4CL version is not POCL version)
workgroup/
  run_kernel                                              FAILED

clRNG:
Inventory						invalid buffer size
RandomArray						compilation error
WorkItem						compilation error
CTest							compilation error (double)

vexCL:
boost_version         			PASSED
cast                     		memory access violation (nullptr, setting up context)
constants                		memory access violation (nullptr)
context		                  	PASSED
custom_kernel            		memory access violation (nullptr)
deduce                   		memory access violation (nullptr)
eval                     		memory access violation (nullptr)
events                   		memory access violation (nullptr)
fft                      		memory access violation (nullptr)
generator                       memory access violation (nullptr)
image                           memory access violation (nullptr)
logical                         error setting up context
mba                             memory access violation (nullptr)
multi_array                     memory access violation (nullptr)
multiple_objects                PASSED
multivector_arithmetics         memory access violation (nullptr)
multivector_create              memory access violation (nullptr)
random                          error setting up context
reduce_by_key            		memory access violation (nullptr)
reinterpret              		memory access violation (nullptr)
scan                     		bad alloc (setting up context)
scan_by_key              		memory access violation (nullptr)
sort                     		memory access violation (nullptr)
sparse_matrices					memory access violation (nullptr)
spmv                     		memory access violation (nullptr)
stencil                  		memory access violation (nullptr)
svm                          	PASSED (skipped?)
tagged_terminal              	memory access violation (nullptr)
temporary                    	memory access violation (nullptr)
tensordot                		memory access violation (nullptr)
threads                      	memory access violation (nullptr)
types                        	PASSED
vector_arithmetics           	memory access violation (nullptr)
vector_copy						memory access violation (nullptr)
vector_create					memory access violation (nullptr)
vector_io						memory access violation (nullptr)
vector_pointer					memory access violation (nullptr)
vector_view						memory access violation (nullptr)

easyCL:
*generally, easyCL seems to not wait for kernel executions to finish, thus failing some tests*
testscalars.
  test1							FAILED ("Something went wrong with clCreateKernel, OpenCL error code -45" -> CL_INVALID_PROGRAM_EXECUTABLE), root cause: kernel uses long
testintarray.
  main							PASSED
testfloatwrapper.
  main							PASSED
  singlecopytodevice			PASSED
  doublecopytodevice			PASSED
testqueues.
  main							PASSED
  defaultqueue					PASSED
testclarray.
  main							PASSED
testfloatwrapperconst.
  main							PASSED
testintwrapper.
  main							PASSED
test_scenario_te42kyfo.
  main							PASSED
testfloatarray.
  main							PASSED
testeasycl.
  main							PASSED
  power2helper					PASSED
testinout.
  main							PASSED
SLOW_testintwrapper_huge.		
  testreadnonwrapper			hangs/runs long
  testread						hangs/runs long
  testreadwrite
testlocal.
  uselocal						PASSED
  notUselocal					PASSED
  globalreduce					PASSED
  localreduce					FAILED (result mismatch)
  reduceviascratch_multipleworkgroups		FAILED (result mismatch)
  reduceviascratch_multipleworkgroups_ints	FAILED (result mismatch)
  reduce_multipleworkgroups_ints_noscratch	hangs
SLOW_testlocal.
  reduce_noscratch_multipleworkgroups_ints_3levels
  reduceviascratch_multipleworkgroups_ints_3levels
  selfdot_3levels_withscratch
  selfdot_3levels_withoutscratch
testdefines.
  simple						PASSED
testbuildlog.
  main							FAILED (error checking whether "testbuildlog.cl" is in error-message !?)
testnewinstantiations.
  createForFirstGpu				PASSED
  createForIndexedGpu			PASSED
  createForIndexedDevice		PASSED
  createForPlatformDeviceIndexesPASSED
  createForFirstGpuOtherwiseCpu	PASSED
testucharwrapper.
  main							PASSED
testkernelstore.
  main							PASSED
  cl_deletes					PASSED
testdirtywrapper.
  main							PASSED
testDeviceInfo.
  basic							PASSED
  gpus							PASSED
testLuaTemplater.
  basicsubstitution1			PASSED
  basicsubstitution1b			PASSED
  basicsubstitution				PASSED
  startofsection				PASSED
  endofsection					PASSED
  loop							PASSED
  nestedloop					PASSED
  foreachloop					PASSED
  codesection					PASSED
  codingerror					PASSED
  include						PASSED
testTemplatedKernel.
  basic							FAILED (invalid work-group size)
  withbuilderror				PASSED
  withtemplateerror				PASSED
  withbuilderrorintargs			PASSED
  withargserror					PASSED
  basic2						PASSED
  foreach						PASSED
  forrange						PASSED
  forrange2						PASSED
testStructs.
  main							PASSED
testprofiling.
  basic							FAILED (invalid work-group size)
  noprofiling					FAILED (invalid work-group size)
testcopybuffer.
  main							PASSED
  withoffset					PASSED
  throwsifnotondevice			PASSED
SLOW_testcopybuffer.
  larger						PASSED
teststatefultimer.
  basic							FAILED (invalid work-group size)
  notiming						FAILED (invalid work-group size)

CLBlast:
clblast_client_xamax         
clblast_client_xasum         
clblast_client_xaxpy         
clblast_client_xaxpybatched  
clblast_client_xcopy			somehow fails to load the compiler
clblast_client_xdot          
clblast_client_xdotc         
clblast_client_xdotu         
clblast_client_xgbmv         
clblast_client_xgemm         
clblast_client_xgemmbatched  
clblast_client_xgemv         
clblast_client_xger          
clblast_client_xgerc         
clblast_client_xgeru         
clblast_client_xhbmv         
clblast_client_xhemm         
clblast_client_xhemv    
clblast_client_xher     
clblast_client_xher2    
clblast_client_xher2k   
clblast_client_xherk    
clblast_client_xhpmv    
clblast_client_xhpr     
clblast_client_xhpr2    
clblast_client_xim2col  
clblast_client_xnrm2      
clblast_client_xomatcopy  
clblast_client_xsbmv      
clblast_client_xscal      
clblast_client_xspmv      
clblast_client_xspr       
clblast_client_xspr2      
clblast_client_xswap      
clblast_client_xsymm      
clblast_client_xsymv   
clblast_client_xsyr    
clblast_client_xsyr2   
clblast_client_xsyr2k  
clblast_client_xsyrk   
clblast_client_xtbmv   
clblast_client_xtpmv   
clblast_client_xtrmm   
clblast_client_xtrmv   
clblast_client_xtrsm    
clblast_client_xtrsv    
clblast_sample_cache_c
clblast_sample_dgemv_c
clblast_sample_haxpy_c
clblast_sample_sasum_c
clblast_sample_sgemm			somehow fails to load the compiler
clblast_sample_sgemm_batched
clblast_sample_sgemm_c
clblast_sample_sgemm_netlib_c

sycl-gtx:
access_sycl_cl_types          PASSED
anatomy_sycl_app_single_task  PASSED
anatomy_sycl_app_parallel_for PASSED
example_sycl_app              PASSED
functors_nd_range_kernels     PASSED
naive_square_matrix_rotation  PASSED
random_number_generation      result mismatch
reduction_sum                 result mismatch
reduction_sum_local           compilation error in precompilation
simple_vector_addition        PASSED
vectors_in_kernel             cl::sycl::exception thrown
work_efficient_prefix_sum     result mismatch

opencv:
(only lists relevant tests, e.g. via --gtest_filter=*CL*)
opencv_test_core
  OCL_MeanStdDev_.ZeroMask    PASSED
  OCL_Gemm.small              FAILED (invalid work group size, test_gemm.cpp:160)
  OpenCL.support_binary_programs FAILED (test_opencl.cpp:22, invalid work group size)
  OpenCL.support_SPIR_programs FAILED ("Can't find required data file")
  UMat.setOpenCL              PASSED
  OCL_Arithm/Lut.Mat/...      result mismatch (sub-tests 1-124), passes sub-test 125-158, hangs at sub-test 158

... (TODO)

opencv_test_stitching
FAILED (result mismatch)
SEGFAULTS
